2025-04-22 16:00:25,803 INFO: Web Fuzzer startup [in C:\Users\rahul\229303372\Web-Fuzzer\app.py:60]
2025-04-22 16:00:25,871 INFO: Directory fuzzing enabled! [in C:\Users\rahul\229303372\Web-Fuzzer\app.py:1240]
2025-04-22 16:00:25,872 INFO: SubDomain fuzzing enabled! [in C:\Users\rahul\229303372\Web-Fuzzer\app.py:1241]
2025-04-22 16:00:25,873 INFO: API Endpoints fuzzing enabled! [in C:\Users\rahul\229303372\Web-Fuzzer\app.py:1242]
2025-04-22 16:00:25,874 INFO: Parameter Fuzzing enabled! [in C:\Users\rahul\229303372\Web-Fuzzer\app.py:1243]
2025-04-22 16:01:04,452 INFO: API endpoints fuzzing for https://demo.owasp-juice.shop/# with 15 endpoints using GET methods [in C:\Users\rahul\229303372\Web-Fuzzer\app.py:453]
2025-04-22 16:01:26,069 INFO: API endpoints fuzzing for https://www.rtu.ac.in/ with 15 endpoints using GET methods [in C:\Users\rahul\229303372\Web-Fuzzer\app.py:453]
2025-04-22 16:01:34,945 INFO: API endpoints fuzzing completed for https://www.rtu.ac.in/. Saved to results\api_endpoints_20250422160126.json [in C:\Users\rahul\229303372\Web-Fuzzer\app.py:544]
2025-04-22 16:01:39,306 INFO: Determined fuzzing type: API Endpoint [in C:\Users\rahul\229303372\Web-Fuzzer\app.py:890]
2025-04-22 16:01:39,306 INFO: Found 15 processed results [in C:\Users\rahul\229303372\Web-Fuzzer\app.py:891]
2025-04-22 16:01:39,307 INFO: Target URL: https://www.rtu.ac.in/ [in C:\Users\rahul\229303372\Web-Fuzzer\app.py:892]
2025-04-22 16:01:39,307 INFO: Status summary: 2xx=0, 3xx=0, 4xx=15, 5xx=0 [in C:\Users\rahul\229303372\Web-Fuzzer\app.py:908]
2025-04-22 16:02:44,747 INFO: API endpoints fuzzing completed for https://demo.owasp-juice.shop/#. Saved to results\api_endpoints_20250422160104.json [in C:\Users\rahul\229303372\Web-Fuzzer\app.py:544]
2025-04-22 16:06:56,014 INFO: Determined fuzzing type: Directory [in C:\Users\rahul\229303372\Web-Fuzzer\app.py:890]
2025-04-22 16:06:56,015 INFO: Found 51 processed results [in C:\Users\rahul\229303372\Web-Fuzzer\app.py:891]
2025-04-22 16:06:56,015 INFO: Target URL: https://www.rtu.ac.in/ [in C:\Users\rahul\229303372\Web-Fuzzer\app.py:892]
2025-04-22 16:06:56,016 INFO: Status summary: 2xx=2, 3xx=0, 4xx=49, 5xx=0 [in C:\Users\rahul\229303372\Web-Fuzzer\app.py:908]
2025-04-22 16:09:15,352 INFO: Determined fuzzing type: Directory [in C:\Users\rahul\229303372\Web-Fuzzer\app.py:890]
2025-04-22 16:09:15,353 INFO: Found 51 processed results [in C:\Users\rahul\229303372\Web-Fuzzer\app.py:891]
2025-04-22 16:09:15,354 INFO: Target URL: https://www.rtu.ac.in/ [in C:\Users\rahul\229303372\Web-Fuzzer\app.py:892]
2025-04-22 16:09:15,355 INFO: Status summary: 2xx=2, 3xx=0, 4xx=49, 5xx=0 [in C:\Users\rahul\229303372\Web-Fuzzer\app.py:908]
2025-04-22 16:09:38,203 INFO: Parameter fuzzing requested for URL: https://www.rtu.ac.in/ [in C:\Users\rahul\229303372\Web-Fuzzer\app.py:705]
2025-04-22 16:09:38,204 INFO: Creating result file: results/parameters_20250422_160938.json [in C:\Users\rahul\229303372\Web-Fuzzer\app.py:720]
2025-04-22 16:09:38,205 INFO: ParameterFuzzer initialized with URL: https://www.rtu.ac.in/ [in C:\Users\rahul\229303372\Web-Fuzzer\app.py:730]
2025-04-22 16:10:29,992 INFO: Determined fuzzing type: Directory [in C:\Users\rahul\229303372\Web-Fuzzer\app.py:890]
2025-04-22 16:10:29,993 INFO: Found 51 processed results [in C:\Users\rahul\229303372\Web-Fuzzer\app.py:891]
2025-04-22 16:10:29,993 INFO: Target URL: https://www.rtu.ac.in/ [in C:\Users\rahul\229303372\Web-Fuzzer\app.py:892]
2025-04-22 16:10:29,994 INFO: Status summary: 2xx=2, 3xx=0, 4xx=49, 5xx=0 [in C:\Users\rahul\229303372\Web-Fuzzer\app.py:908]
2025-04-22 16:10:44,036 INFO: Fuzzing completed with 300 results [in C:\Users\rahul\229303372\Web-Fuzzer\app.py:755]
2025-04-22 16:10:44,039 INFO: Processing 300 results [in C:\Users\rahul\229303372\Web-Fuzzer\app.py:762]
2025-04-22 16:10:44,088 INFO: Results saved to results/parameters_20250422_160938.json [in C:\Users\rahul\229303372\Web-Fuzzer\app.py:793]
2025-06-20 23:02:20,082 INFO: Web Fuzzer startup [in C:\Users\rahul\229303372\Web-Fuzzer\app.py:60]
2025-06-20 23:02:20,107 INFO: Directory fuzzing enabled! [in C:\Users\rahul\229303372\Web-Fuzzer\app.py:1240]
2025-06-20 23:02:20,108 INFO: SubDomain fuzzing enabled! [in C:\Users\rahul\229303372\Web-Fuzzer\app.py:1241]
2025-06-20 23:02:20,108 INFO: API Endpoints fuzzing enabled! [in C:\Users\rahul\229303372\Web-Fuzzer\app.py:1242]
2025-06-20 23:02:20,108 INFO: Parameter Fuzzing enabled! [in C:\Users\rahul\229303372\Web-Fuzzer\app.py:1243]
2025-06-20 23:03:32,355 INFO: Determined fuzzing type: Directory [in C:\Users\rahul\229303372\Web-Fuzzer\app.py:890]
2025-06-20 23:03:32,355 INFO: Found 48 processed results [in C:\Users\rahul\229303372\Web-Fuzzer\app.py:891]
2025-06-20 23:03:32,356 INFO: Target URL: https://demo.owasp-juice.shop/# [in C:\Users\rahul\229303372\Web-Fuzzer\app.py:892]
2025-06-20 23:03:32,356 INFO: Status summary: 2xx=48, 3xx=0, 4xx=0, 5xx=0 [in C:\Users\rahul\229303372\Web-Fuzzer\app.py:908]
2025-06-20 23:03:55,334 INFO: Determined fuzzing type: Directory [in C:\Users\rahul\229303372\Web-Fuzzer\app.py:890]
2025-06-20 23:03:55,334 INFO: Found 48 processed results [in C:\Users\rahul\229303372\Web-Fuzzer\app.py:891]
2025-06-20 23:03:55,334 INFO: Target URL: Unknown [in C:\Users\rahul\229303372\Web-Fuzzer\app.py:892]
2025-06-20 23:03:55,334 INFO: Status summary: 2xx=48, 3xx=0, 4xx=0, 5xx=0 [in C:\Users\rahul\229303372\Web-Fuzzer\app.py:908]
